<?xml version="1.0" encoding="UTF-8"?>
<!-- Generated by org.testng.reporters.JUnitReportReporter -->
<testsuite hostname="DESKTOP-CLES7L2" failures="0" tests="1" name="AllTestCase.LoginTestcases" time="16.161" errors="0" timestamp="2023-01-17T18:57:33 IST" skipped="0">
  <testcase classname="AllTestCase.LoginTestcases" name="LoginTesting" time="16.161"/>
  <system-out/>
</testsuite> <!-- AllTestCase.LoginTestcases -->
