<?xml version="1.0" encoding="UTF-8"?>
<!-- Generated by org.testng.reporters.JUnitReportReporter -->
<testsuite hostname="DESKTOP-CLES7L2" failures="0" tests="1" name="AllTestCase.FooterTestCases" time="6.631" errors="0" timestamp="2023-01-17T17:52:12 IST" skipped="0">
  <testcase classname="AllTestCase.FooterTestCases" name="FooterPage" time="6.631"/>
  <system-out/>
</testsuite> <!-- AllTestCase.FooterTestCases -->
