<?xml version="1.0" encoding="UTF-8"?>
<!-- Generated by org.testng.reporters.JUnitReportReporter -->
<testsuite hostname="DESKTOP-CLES7L2" failures="0" tests="1" name="AllTestCase.RegisterTestcases" time="7.327" errors="0" timestamp="2023-01-17T17:52:12 IST" skipped="0">
  <testcase classname="AllTestCase.RegisterTestcases" name="RegisterPage" time="7.327"/>
  <system-out/>
</testsuite> <!-- AllTestCase.RegisterTestcases -->
