<?xml version="1.0" encoding="UTF-8"?>
<!-- Generated by org.testng.reporters.JUnitReportReporter -->
<testsuite hostname="DESKTOP-CLES7L2" failures="0" tests="1" name="AllTestCase.MainPageTestcases" time="29.396" errors="0" timestamp="2023-01-17T17:52:12 IST" skipped="0">
  <testcase classname="AllTestCase.MainPageTestcases" name="MainPage" time="29.396"/>
  <system-out/>
</testsuite> <!-- AllTestCase.MainPageTestcases -->
