<?xml version="1.0" encoding="UTF-8"?>
<!-- Generated by org.testng.reporters.JUnitReportReporter -->
<testsuite hostname="DESKTOP-CLES7L2" failures="0" tests="1" name="AllTestCase.RegisteTstCases" time="3.761" errors="0" timestamp="2023-01-10T17:02:04 IST" skipped="0">
  <testcase classname="AllTestCase.RegisteTstCases" name="RegisterPage" time="3.761"/>
  <system-out/>
</testsuite> <!-- AllTestCase.RegisteTstCases -->
